#
# There is insufficient memory for the Java Runtime Environment to continue.
# Native memory allocation (mmap) failed to map 132120576 bytes for Failed to commit area from 0x0000000082a00000 to 0x000000008a800000 of length 132120576.
# Possible reasons:
#   The system is out of physical RAM or swap space
#   The process is running with CompressedOops enabled, and the Java Heap may be blocking the growth of the native heap
# Possible solutions:
#   Reduce memory load on the system
#   Increase physical memory or swap space
#   Check if swap backing store is full
#   Decrease Java heap size (-Xmx/-Xms)
#   Decrease number of Java threads
#   Decrease Java thread stack sizes (-Xss)
#   Set larger code cache with -XX:ReservedCodeCacheSize=
# This output file may be truncated or incomplete.
#
#  Out of Memory Error (t:/workspace/hotspot/src/os/windows/vm/os_windows.cpp:3357), pid=13104, tid=11464
#
# JRE version:  (9.0+11) (build )
# Java VM: Java HotSpot(TM) 64-Bit Server VM (9.0.1+11, mixed mode, tiered, compressed oops, g1 gc, windows-amd64)
# No core dump will be written. Minidumps are not enabled by default on client versions of Windows
#

---------------  S U M M A R Y ------------

Command Line: -javaagent:E:\IntelliJ IDEA 2018.3.4\lib\idea_rt.jar=60399:E:\IntelliJ IDEA 2018.3.4\bin -Dfile.encoding=UTF-8 Main2

Host: Intel(R) Core(TM) i5-6300HQ CPU @ 2.30GHz, 4 cores, 7G,  Windows 10 , 64 bit Build 19041 (10.0.19041.928)
Time: Sun Jun 06 23:45:50 2021 Aaea?onu (ceia) elapsed time: 0 seconds (0d 0h 0m 0s)

---------------  T H R E A D  ---------------

Current thread (0x0000026b51845000):  JavaThread "Unknown thread" [_thread_in_vm, id=11464, stack(0x0000009d58a00000,0x0000009d58b00000)]

Stack: [0x0000009d58a00000,0x0000009d58b00000]
Native frames: (J=compiled Java code, j=interpreted, Vv=VM code, C=native code)
V  [jvm.dll+0x5870b8]
V  [jvm.dll+0x69c0ee]
V  [jvm.dll+0x69d00a]
V  [jvm.dll+0x69d643]
V  [jvm.dll+0x21d148]
V  [jvm.dll+0x584bf4]
V  [jvm.dll+0x57a005]
V  [jvm.dll+0x2cd46b]
V  [jvm.dll+0x2cd3d3]
V  [jvm.dll+0x2cd2a2]
V  [jvm.dll+0x2cf2a3]
V  [jvm.dll+0x319203]
V  [jvm.dll+0x319916]
V  [jvm.dll+0x319303]
V  [jvm.dll+0x2adbf8]
V  [jvm.dll+0x2aee37]
V  [jvm.dll+0x67b1ed]
V  [jvm.dll+0x67c5ac]
V  [jvm.dll+0x3269c9]
V  [jvm.dll+0x6653ee]
V  [jvm.dll+0x391931]
V  [jvm.dll+0x3938e1]
C  [java.exe+0x34f1]
C  [java.exe+0xe24f]
C  [java.exe+0xe3f6]
C  [KERNEL32.DLL+0x17034]
C  [ntdll.dll+0x52651]


---------------  P R O C E S S  ---------------

Java Threads: ( => current thread )

Other Threads:
  0x0000026b5185c800 GCTaskThread "GC Thread#0" [stack: 0x0000009d58b00000,0x0000009d58c00000] [id=1752]
  0x0000026b5185d800 GCTaskThread "GC Thread#1" [stack: 0x0000009d58c00000,0x0000009d58d00000] [id=9340]
  0x0000026b51860000 GCTaskThread "GC Thread#2" [stack: 0x0000009d58d00000,0x0000009d58e00000] [id=5988]
  0x0000026b51866000 GCTaskThread "GC Thread#3" [stack: 0x0000009d58e00000,0x0000009d58f00000] [id=4872]
  0x0000026b518ea000 ConcurrentGCThread "G1 Main Marker" [stack: 0x0000009d59400000,0x0000009d59500000] [id=1092]
  0x0000026b518eb000 ConcurrentGCThread "G1 Marker#0" [stack: 0x0000009d59500000,0x0000009d59600000] [id=10692]
  0x0000026b51873800 ConcurrentGCThread "G1 Refine#0" [stack: 0x0000009d59200000,0x0000009d59300000] [id=8212]
  0x0000026b51872800 ConcurrentGCThread "G1 Refine#1" [stack: 0x0000009d59100000,0x0000009d59200000] [id=980]
  0x0000026b51870800 ConcurrentGCThread "G1 Refine#2" [stack: 0x0000009d59000000,0x0000009d59100000] [id=10676]
  0x0000026b5186b800 ConcurrentGCThread "G1 Refine#3" [stack: 0x0000009d58f00000,0x0000009d59000000] [id=8508]
  0x0000026b5187c800 ConcurrentGCThread "G1 Young RemSet Sampling" [stack: 0x0000009d59300000,0x0000009d59400000] [id=3184]

=>0x0000026b51845000 (exited) JavaThread "Unknown thread" [_thread_in_vm, id=11464, stack(0x0000009d58a00000,0x0000009d58b00000)]

Threads with active compile tasks:

VM state:not at safepoint (not fully initialized)

VM Mutex/Monitor currently owned by a thread:  ([mutex/lock_event])
[0x0000026b518425c0] Heap_lock - owner thread: 0x0000026b51845000

Heap address: 0x0000000082a00000, size: 2006 MB, Compressed Oops mode: Non-zero based: 0x0000000082a00000
Narrow klass base: 0x0000000000000000, Narrow klass shift: 0

GC Heap History (0 events):
No events

Deoptimization events (0 events):
No events

Classes redefined (0 events):
No events

Internal exceptions (0 events):
No events

Events (0 events):
No events


Dynamic libraries:
0x00007ff7fce00000 - 0x00007ff7fce3e000 	C:\Program Files\Java\jdk-9.0.1\bin\java.exe
0x00007fff14c90000 - 0x00007fff14e85000 	C:\WINDOWS\SYSTEM32\ntdll.dll
0x00007fff12ed0000 - 0x00007fff12f8d000 	C:\WINDOWS\System32\KERNEL32.DLL
0x00007fff12a20000 - 0x00007fff12ce8000 	C:\WINDOWS\System32\KERNELBASE.dll
0x00007fff138e0000 - 0x00007fff1398c000 	C:\WINDOWS\System32\ADVAPI32.dll
0x00007fff13730000 - 0x00007fff137ce000 	C:\WINDOWS\System32\msvcrt.dll
0x00007fff13a40000 - 0x00007fff13adb000 	C:\WINDOWS\System32\sechost.dll
0x00007fff13c40000 - 0x00007fff13d6b000 	C:\WINDOWS\System32\RPCRT4.dll
0x00007fff130c0000 - 0x00007fff13260000 	C:\WINDOWS\System32\USER32.dll
0x00007fff12850000 - 0x00007fff12872000 	C:\WINDOWS\System32\win32u.dll
0x00007fff138b0000 - 0x00007fff138da000 	C:\WINDOWS\System32\GDI32.dll
0x00007fff126f0000 - 0x00007fff127fb000 	C:\WINDOWS\System32\gdi32full.dll
0x00007fff12980000 - 0x00007fff12a1d000 	C:\WINDOWS\System32\msvcp_win.dll
0x00007fff12880000 - 0x00007fff12980000 	C:\WINDOWS\System32\ucrtbase.dll
0x00007fff06d20000 - 0x00007fff06fba000 	C:\WINDOWS\WinSxS\amd64_microsoft.windows.common-controls_6595b64144ccf1df_6.0.19041.844_none_ca00b6081b84eb1d\COMCTL32.dll
0x00007fff0c3a0000 - 0x00007fff0c3aa000 	C:\WINDOWS\SYSTEM32\VERSION.dll
0x00007fff13a10000 - 0x00007fff13a40000 	C:\WINDOWS\System32\IMM32.DLL
0x00007ffedb4a0000 - 0x00007ffedb58f000 	C:\Program Files\Java\jdk-9.0.1\bin\msvcr120.dll
0x00007ffed7e60000 - 0x00007ffed7f06000 	C:\Program Files\Java\jdk-9.0.1\bin\msvcp120.dll
0x00000000516d0000 - 0x00000000520f4000 	C:\Program Files\Java\jdk-9.0.1\bin\server\jvm.dll
0x00007fff08520000 - 0x00007fff08529000 	C:\WINDOWS\SYSTEM32\WSOCK32.dll
0x00007fff13bd0000 - 0x00007fff13c3b000 	C:\WINDOWS\System32\WS2_32.dll
0x00007fff0a370000 - 0x00007fff0a397000 	C:\WINDOWS\SYSTEM32\WINMM.dll
0x00007fff13ae0000 - 0x00007fff13ae8000 	C:\WINDOWS\System32\PSAPI.DLL
0x00007fff0a010000 - 0x00007fff0a01f000 	C:\Program Files\Java\jdk-9.0.1\bin\verify.dll
0x00007ffeea460000 - 0x00007ffeea487000 	C:\Program Files\Java\jdk-9.0.1\bin\java.dll
0x00007ffee31f0000 - 0x00007ffee321a000 	C:\Program Files\Java\jdk-9.0.1\bin\instrument.dll
0x00007ffef8f80000 - 0x00007ffef8f96000 	C:\Program Files\Java\jdk-9.0.1\bin\zip.dll
0x00007fff08620000 - 0x00007fff0862a000 	C:\Program Files\Java\jdk-9.0.1\bin\jimage.dll
0x00007fff101a0000 - 0x00007fff10384000 	C:\WINDOWS\SYSTEM32\dbghelp.dll
0x00007fff12400000 - 0x00007fff12480000 	C:\WINDOWS\System32\bcryptPrimitives.dll

VM Arguments:
jvm_args: -javaagent:E:\IntelliJ IDEA 2018.3.4\lib\idea_rt.jar=60399:E:\IntelliJ IDEA 2018.3.4\bin -Dfile.encoding=UTF-8 
java_command: Main2
java_class_path (initial): D:\projects\AlgoritmNaStrokah\out\production\AlgoritmNaStrokah
Launcher Type: SUN_STANDARD

Logging:
Log output configuration:
#0: stdout all=warning uptime,level,tags
#1: stderr all=off uptime,level,tags

Environment Variables:
JAVA_HOME=C:\Program Files\Java\jdk-14
PATH=C:\Program Files\Microsoft MPI\Bin\;C:\Program Files (x86)\Common Files\Intel\Shared Files\cpp\bin\Intel64;C:\ProgramData\Oracle\Java\javapath;C:\Windows\system32;C:\Windows;C:\Windows\System32\Wbem;C:\Windows\System32\WindowsPowerShell\v1.0\;C:\Program Files (x86)\NVIDIA Corporation\PhysX\Common;C:\WINDOWS\system32;C:\WINDOWS;C:\WINDOWS\System32\Wbem;C:\WINDOWS\System32\WindowsPowerShell\v1.0\;E:\Tex\miktex\bin\x64\;C:\Program Files\MiKTeX 2.9\miktex\bin\x64\;C:\Program Files\Microsoft SQL Server\130\Tools\Binn\;C:\Program Files\dotnet\;C:\WINDOWS\System32\OpenSSH\;C:\Program Files (x86)\Microsoft SQL Server\Client SDK\ODBC\130\Tools\Binn\;C:\Program Files (x86)\Microsoft SQL Server\140\Tools\Binn\;C:\Program Files (x86)\Microsoft SQL Server\140\DTS\Binn\;C:\Program Files (x86)\Microsoft SQL Server\140\Tools\Binn\ManagementStudio\;C:\Program Files\Microsoft SQL Server\140\Tools\Binn\;C:\Program Files\Microsoft SQL Server\140\DTS\Binn\;C:\Program Files\Microsoft SQL Server\Client SDK\ODBC\130\Tools\Binn\;E:\Java\apache\maven\bin;E:\Python3\Scripts\;E:\Python3\;E:\Anaconda3\Scripts\;C:\Program Files\Microsoft SQL Server\Client SDK\ODBC\170\Tools\Binn\;C:\Program Files (x86)\Microsoft SQL Server\150\DTS\Binn\;C:\Program Files\Azure Data Studio\bin;C:\Program Files (x86)\Microsoft SQL Server\150\Tools\Binn\;C:\Program Files\Microsoft SQL Server\150\Tools\Binn\;C:\Program Files\Microsoft SQL Server\150\DTS\Binn\;E:\Python3\Scripts\;E:\Python3\;C:\Users\AlexeiZhautok\AppData\Local\Microsoft\WindowsApps;E:\Java\drivers;E:\Java\apache\maven\bin;;C:\Program Files\Azure Data Studio\bin;C:\Program Files\Azure Data Studio\bin
USERNAME=AlexeiZhautok
OS=Windows_NT
PROCESSOR_IDENTIFIER=Intel64 Family 6 Model 94 Stepping 3, GenuineIntel



---------------  S Y S T E M  ---------------

OS: Windows 10 , 64 bit Build 19041 (10.0.19041.928)

CPU:total 4 (initial active 4) (4 cores per cpu, 1 threads per core) family 6 model 94 stepping 3, cmov, cx8, fxsr, mmx, sse, sse2, sse3, ssse3, sse4.1, sse4.2, popcnt, avx, avx2, aes, clmul, erms, rtm, 3dnowpref, lzcnt, tsc, tscinvbit, bmi1, bmi2, adx, fma

Memory: 4k page, physical 8212480k(535312k free), swap 11350808k(314564k free)

vm_info: Java HotSpot(TM) 64-Bit Server VM (9.0.1+11) for windows-amd64 JRE (9.0.1+11), built on Sep 28 2017 04:54:03 by "mach5one" with MS VC++ 12.0 (VS2013)

END.
